2026-06-28 02:27:48.799 [info] Started local extension host with pid 27171.
2026-06-28 02:27:49.119 [info] [AccountPolicyGate] apply: state=inactive, reason=undefined, isRestricted=false
2026-06-28 02:27:51.426 [info] [perf] Render performance baseline is 16ms
2026-06-28 02:27:52.459 [error] Error: The editor could not be opened because the file was not found.
    at oY.handleSetInputError (vscode-file://vscode-app/usr/lib/code/out/vs/workbench/workbench.desktop.main.js:3937:93307)
    at async oY.setInput (vscode-file://vscode-app/usr/lib/code/out/vs/workbench/workbench.desktop.main.js:3937:92316)
    at async mNe.doSetInput (vscode-file://vscode-app/usr/lib/code/out/vs/workbench/workbench.desktop.main.js:1254:34485)
    at async mNe.doOpenEditor (vscode-file://vscode-app/usr/lib/code/out/vs/workbench/workbench.desktop.main.js:1254:32271)
    at async mNe.openEditor (vscode-file://vscode-app/usr/lib/code/out/vs/workbench/workbench.desktop.main.js:1254:31219)
    at async vscode-file://vscode-app/usr/lib/code/out/vs/workbench/workbench.desktop.main.js:1366:31396
    at async BCe.value (vscode-file://vscode-app/usr/lib/code/out/vs/workbench/workbench.desktop.main.js:2577:41071)
2026-06-28 02:27:54.120 [info] [AccountPolicyGate] apply: state=inactive, reason=undefined, isRestricted=false
2026-06-28 02:48:50.060 [error] Error: The editor could not be opened because the file was not found.
    at oY.handleSetInputError (vscode-file://vscode-app/usr/lib/code/out/vs/workbench/workbench.desktop.main.js:3937:93307)
    at async oY.setInput (vscode-file://vscode-app/usr/lib/code/out/vs/workbench/workbench.desktop.main.js:3937:92316)
    at async mNe.doSetInput (vscode-file://vscode-app/usr/lib/code/out/vs/workbench/workbench.desktop.main.js:1254:34485)
    at async mNe.doOpenEditor (vscode-file://vscode-app/usr/lib/code/out/vs/workbench/workbench.desktop.main.js:1254:32271)
    at async mNe.openEditor (vscode-file://vscode-app/usr/lib/code/out/vs/workbench/workbench.desktop.main.js:1254:31219)
    at async vscode-file://vscode-app/usr/lib/code/out/vs/workbench/workbench.desktop.main.js:1366:31396
    at async BCe.value (vscode-file://vscode-app/usr/lib/code/out/vs/workbench/workbench.desktop.main.js:2577:41071)
2026-06-28 02:48:59.434 [error] Error: The editor could not be opened because the file was not found.
    at oY.handleSetInputError (vscode-file://vscode-app/usr/lib/code/out/vs/workbench/workbench.desktop.main.js:3937:93307)
    at async oY.setInput (vscode-file://vscode-app/usr/lib/code/out/vs/workbench/workbench.desktop.main.js:3937:92316)
    at async mNe.doSetInput (vscode-file://vscode-app/usr/lib/code/out/vs/workbench/workbench.desktop.main.js:1254:34485)
    at async mNe.doOpenEditor (vscode-file://vscode-app/usr/lib/code/out/vs/workbench/workbench.desktop.main.js:1254:32271)
    at async mNe.openEditor (vscode-file://vscode-app/usr/lib/code/out/vs/workbench/workbench.desktop.main.js:1254:31219)
    at async vscode-file://vscode-app/usr/lib/code/out/vs/workbench/workbench.desktop.main.js:1366:31396
    at async BCe.value (vscode-file://vscode-app/usr/lib/code/out/vs/workbench/workbench.desktop.main.js:2577:41071)
2026-06-28 02:49:02.880 [error] Error: The editor could not be opened because the file was not found.
    at oY.handleSetInputError (vscode-file://vscode-app/usr/lib/code/out/vs/workbench/workbench.desktop.main.js:3937:93307)
    at async oY.setInput (vscode-file://vscode-app/usr/lib/code/out/vs/workbench/workbench.desktop.main.js:3937:92316)
    at async mNe.doSetInput (vscode-file://vscode-app/usr/lib/code/out/vs/workbench/workbench.desktop.main.js:1254:34485)
    at async mNe.doOpenEditor (vscode-file://vscode-app/usr/lib/code/out/vs/workbench/workbench.desktop.main.js:1254:32271)
    at async mNe.openEditor (vscode-file://vscode-app/usr/lib/code/out/vs/workbench/workbench.desktop.main.js:1254:31219)
    at async vscode-file://vscode-app/usr/lib/code/out/vs/workbench/workbench.desktop.main.js:1366:31396
    at async BCe.value (vscode-file://vscode-app/usr/lib/code/out/vs/workbench/workbench.desktop.main.js:2577:41071)
2026-06-28 02:49:03.162 [error] Error: The editor could not be opened because the file was not found.
    at oY.handleSetInputError (vscode-file://vscode-app/usr/lib/code/out/vs/workbench/workbench.desktop.main.js:3937:93307)
    at async oY.setInput (vscode-file://vscode-app/usr/lib/code/out/vs/workbench/workbench.desktop.main.js:3937:92316)
    at async mNe.doSetInput (vscode-file://vscode-app/usr/lib/code/out/vs/workbench/workbench.desktop.main.js:1254:34485)
    at async mNe.doOpenEditor (vscode-file://vscode-app/usr/lib/code/out/vs/workbench/workbench.desktop.main.js:1254:32271)
    at async mNe.openEditor (vscode-file://vscode-app/usr/lib/code/out/vs/workbench/workbench.desktop.main.js:1254:31219)
    at async vscode-file://vscode-app/usr/lib/code/out/vs/workbench/workbench.desktop.main.js:1366:31396
    at async BCe.value (vscode-file://vscode-app/usr/lib/code/out/vs/workbench/workbench.desktop.main.js:2577:41071)
2026-06-28 02:49:09.540 [error] EntryNotFound (FileSystemError): Error: ENOENT: no such file or directory, open '/home/alex/.config/hyprland.lua'
    at i.create (file:///usr/lib/code/out/main.js:440:36503)
    at Qr (file:///usr/lib/code/out/main.js:440:35087)
    at i.toFileSystemProviderError (file:///usr/lib/code/out/main.js:476:27754)
    at i.readFile (file:///usr/lib/code/out/main.js:476:21323)
    at async Tg.readFile (file:///usr/lib/code/out/main.js:476:29535)
2026-06-28 02:49:09.545 [error] EntryNotFound (FileSystemError): Error: ENOENT: no such file or directory, open '/home/alex/.config/monitors.conf'
    at i.create (file:///usr/lib/code/out/main.js:440:36503)
    at Qr (file:///usr/lib/code/out/main.js:440:35087)
    at i.toFileSystemProviderError (file:///usr/lib/code/out/main.js:476:27754)
    at i.readFile (file:///usr/lib/code/out/main.js:476:21323)
    at async Tg.readFile (file:///usr/lib/code/out/main.js:476:29535)
2026-06-28 02:49:09.548 [error] EntryNotFound (FileSystemError): Error: ENOENT: no such file or directory, open '/home/alex/.config/monitors.lua'
    at i.create (file:///usr/lib/code/out/main.js:440:36503)
    at Qr (file:///usr/lib/code/out/main.js:440:35087)
    at i.toFileSystemProviderError (file:///usr/lib/code/out/main.js:476:27754)
    at i.readFile (file:///usr/lib/code/out/main.js:476:21323)
    at async Tg.readFile (file:///usr/lib/code/out/main.js:476:29535)
2026-06-28 02:49:11.890 [error] Error: The editor could not be opened because the file was not found.
    at oY.handleSetInputError (vscode-file://vscode-app/usr/lib/code/out/vs/workbench/workbench.desktop.main.js:3937:93307)
    at async oY.setInput (vscode-file://vscode-app/usr/lib/code/out/vs/workbench/workbench.desktop.main.js:3937:92316)
    at async mNe.doSetInput (vscode-file://vscode-app/usr/lib/code/out/vs/workbench/workbench.desktop.main.js:1254:34485)
    at async mNe.doOpenEditor (vscode-file://vscode-app/usr/lib/code/out/vs/workbench/workbench.desktop.main.js:1254:32271)
    at async mNe.openEditor (vscode-file://vscode-app/usr/lib/code/out/vs/workbench/workbench.desktop.main.js:1254:31219)
    at async vscode-file://vscode-app/usr/lib/code/out/vs/workbench/workbench.desktop.main.js:1366:31396
    at async BCe.value (vscode-file://vscode-app/usr/lib/code/out/vs/workbench/workbench.desktop.main.js:2577:41071)
2026-06-28 02:49:16.783 [error] EntryNotFound (FileSystemError): Error: ENOENT: no such file or directory, open '/home/alex/.config/cookie'
    at i.create (file:///usr/lib/code/out/main.js:440:36503)
    at Qr (file:///usr/lib/code/out/main.js:440:35087)
    at i.toFileSystemProviderError (file:///usr/lib/code/out/main.js:476:27754)
    at i.readFile (file:///usr/lib/code/out/main.js:476:21323)
    at async Tg.readFile (file:///usr/lib/code/out/main.js:476:29535)
2026-06-28 02:49:17.781 [error] Error: The editor could not be opened because the file was not found.
    at oY.handleSetInputError (vscode-file://vscode-app/usr/lib/code/out/vs/workbench/workbench.desktop.main.js:3937:93307)
    at async oY.setInput (vscode-file://vscode-app/usr/lib/code/out/vs/workbench/workbench.desktop.main.js:3937:92316)
    at async mNe.doSetInput (vscode-file://vscode-app/usr/lib/code/out/vs/workbench/workbench.desktop.main.js:1254:34485)
    at async mNe.doOpenEditor (vscode-file://vscode-app/usr/lib/code/out/vs/workbench/workbench.desktop.main.js:1254:32271)
    at async mNe.openEditor (vscode-file://vscode-app/usr/lib/code/out/vs/workbench/workbench.desktop.main.js:1254:31219)
    at async vscode-file://vscode-app/usr/lib/code/out/vs/workbench/workbench.desktop.main.js:1366:31396
    at async BCe.value (vscode-file://vscode-app/usr/lib/code/out/vs/workbench/workbench.desktop.main.js:2577:41071)
2026-06-28 02:49:19.809 [error] Error: The editor could not be opened because the file was not found.
    at oY.handleSetInputError (vscode-file://vscode-app/usr/lib/code/out/vs/workbench/workbench.desktop.main.js:3937:93307)
    at async oY.setInput (vscode-file://vscode-app/usr/lib/code/out/vs/workbench/workbench.desktop.main.js:3937:92316)
    at async mNe.doSetInput (vscode-file://vscode-app/usr/lib/code/out/vs/workbench/workbench.desktop.main.js:1254:34485)
    at async mNe.doOpenEditor (vscode-file://vscode-app/usr/lib/code/out/vs/workbench/workbench.desktop.main.js:1254:32271)
    at async mNe.openEditor (vscode-file://vscode-app/usr/lib/code/out/vs/workbench/workbench.desktop.main.js:1254:31219)
    at async vscode-file://vscode-app/usr/lib/code/out/vs/workbench/workbench.desktop.main.js:1366:31396
    at async BCe.value (vscode-file://vscode-app/usr/lib/code/out/vs/workbench/workbench.desktop.main.js:2577:41071)
2026-06-28 02:49:23.033 [error] EntryNotFound (FileSystemError): Error: ENOENT: no such file or directory, open '/home/alex/.config/firefox'
    at i.create (file:///usr/lib/code/out/main.js:440:36503)
    at Qr (file:///usr/lib/code/out/main.js:440:35087)
    at i.toFileSystemProviderError (file:///usr/lib/code/out/main.js:476:27754)
    at i.readFile (file:///usr/lib/code/out/main.js:476:21323)
    at async Tg.readFile (file:///usr/lib/code/out/main.js:476:29535)
2026-06-28 02:49:29.529 [error] EntryNotFound (FileSystemError): Error: ENOENT: no such file or directory, open '/home/alex/.config/plugins'
    at i.create (file:///usr/lib/code/out/main.js:440:36503)
    at Qr (file:///usr/lib/code/out/main.js:440:35087)
    at i.toFileSystemProviderError (file:///usr/lib/code/out/main.js:476:27754)
    at i.readFile (file:///usr/lib/code/out/main.js:476:21323)
    at async Tg.readFile (file:///usr/lib/code/out/main.js:476:29535)
2026-06-28 02:49:29.530 [error] EntryNotFound (FileSystemError): Error: ENOENT: no such file or directory, open '/home/alex/.config/user'
    at i.create (file:///usr/lib/code/out/main.js:440:36503)
    at Qr (file:///usr/lib/code/out/main.js:440:35087)
    at i.toFileSystemProviderError (file:///usr/lib/code/out/main.js:476:27754)
    at i.readFile (file:///usr/lib/code/out/main.js:476:21323)
    at async Tg.readFile (file:///usr/lib/code/out/main.js:476:29535)
2026-06-28 02:49:29.531 [error] EntryNotFound (FileSystemError): Error: ENOENT: no such file or directory, open '/home/alex/.config/workspaces.conf'
    at i.create (file:///usr/lib/code/out/main.js:440:36503)
    at Qr (file:///usr/lib/code/out/main.js:440:35087)
    at i.toFileSystemProviderError (file:///usr/lib/code/out/main.js:476:27754)
    at i.readFile (file:///usr/lib/code/out/main.js:476:21323)
    at async Tg.readFile (file:///usr/lib/code/out/main.js:476:29535)
